#-----------------------------------------------------------
# xsim v2022.1 (64-bit)
# SW Build 3526262 on Mon Apr 18 15:47:01 MDT 2022
# IP Build 3524634 on Mon Apr 18 20:55:01 MDT 2022
# Start of session at: Sun Mar 12 16:57:20 2023
# Process ID: 45432
# Current directory: /mnt/HLSNAS/02.CtINEm/m110061608/vitis_HLS/labA_lab2/lab02/solution1/sim/verilog
# Command line: xsim -mode tcl -source {xsim.dir/matrixmul/xsim_script.tcl}
# Log file: /mnt/HLSNAS/02.CtINEm/m110061608/vitis_HLS/labA_lab2/lab02/solution1/sim/verilog/xsim.log
# Journal file: /mnt/HLSNAS/02.CtINEm/m110061608/vitis_HLS/labA_lab2/lab02/solution1/sim/verilog/xsim.jou
# Running On: HLS02, OS: Linux, CPU Frequency: 3685.618 MHz, CPU Physical cores: 8, Host memory: 50291 MB
#-----------------------------------------------------------
source xsim.dir/matrixmul/xsim_script.tcl
# xsim {matrixmul} -view {{matrixmul_dataflow_ana.wcfg}} -tclbatch {matrixmul.tcl} -protoinst {matrixmul.protoinst}
INFO: [Wavedata 42-565] Reading protoinst file matrixmul.protoinst
INFO: [Wavedata 42-564]   Found protocol instance at /apatb_matrixmul_top/AESL_inst_matrixmul//AESL_inst_matrixmul_activity
Time resolution is 1 ps
open_wave_config matrixmul_dataflow_ana.wcfg
source matrixmul.tcl
## log_wave -r /
WARNING: [Simtcl 6-197] One or more HDL objects could not be logged because of object type or size limitations.  To see details please rerun the command with -verbose (-v).
## set designtopgroup [add_wave_group "Design Top Signals"]
## set coutputgroup [add_wave_group "C Outputs" -into $designtopgroup]
## set return_group [add_wave_group return(fifo) -into $coutputgroup]
## add_wave /apatb_matrixmul_top/AESL_inst_matrixmul/res_write -into $return_group -color #ffff00 -radix hex
## add_wave /apatb_matrixmul_top/AESL_inst_matrixmul/res_full_n -into $return_group -color #ffff00 -radix hex
## add_wave /apatb_matrixmul_top/AESL_inst_matrixmul/res_din -into $return_group -radix hex
## set cinputgroup [add_wave_group "C Inputs" -into $designtopgroup]
## set return_group [add_wave_group return(fifo) -into $cinputgroup]
## add_wave /apatb_matrixmul_top/AESL_inst_matrixmul/b_read -into $return_group -color #ffff00 -radix hex
## add_wave /apatb_matrixmul_top/AESL_inst_matrixmul/b_empty_n -into $return_group -color #ffff00 -radix hex
## add_wave /apatb_matrixmul_top/AESL_inst_matrixmul/b_dout -into $return_group -radix hex
## add_wave /apatb_matrixmul_top/AESL_inst_matrixmul/a_read -into $return_group -color #ffff00 -radix hex
## add_wave /apatb_matrixmul_top/AESL_inst_matrixmul/a_empty_n -into $return_group -color #ffff00 -radix hex
## add_wave /apatb_matrixmul_top/AESL_inst_matrixmul/a_dout -into $return_group -radix hex
## set blocksiggroup [add_wave_group "Block-level IO Handshake" -into $designtopgroup]
## add_wave /apatb_matrixmul_top/AESL_inst_matrixmul/ap_start -into $blocksiggroup
## add_wave /apatb_matrixmul_top/AESL_inst_matrixmul/ap_done -into $blocksiggroup
## add_wave /apatb_matrixmul_top/AESL_inst_matrixmul/ap_idle -into $blocksiggroup
## add_wave /apatb_matrixmul_top/AESL_inst_matrixmul/ap_ready -into $blocksiggroup
## set resetgroup [add_wave_group "Reset" -into $designtopgroup]
## add_wave /apatb_matrixmul_top/AESL_inst_matrixmul/ap_rst -into $resetgroup
## set clockgroup [add_wave_group "Clock" -into $designtopgroup]
## add_wave /apatb_matrixmul_top/AESL_inst_matrixmul/ap_clk -into $clockgroup
## set testbenchgroup [add_wave_group "Test Bench Signals"]
## set tbinternalsiggroup [add_wave_group "Internal Signals" -into $testbenchgroup]
## set tb_simstatus_group [add_wave_group "Simulation Status" -into $tbinternalsiggroup]
## set tb_portdepth_group [add_wave_group "Port Depth" -into $tbinternalsiggroup]
## add_wave /apatb_matrixmul_top/AUTOTB_TRANSACTION_NUM -into $tb_simstatus_group -radix hex
## add_wave /apatb_matrixmul_top/ready_cnt -into $tb_simstatus_group -radix hex
## add_wave /apatb_matrixmul_top/done_cnt -into $tb_simstatus_group -radix hex
## add_wave /apatb_matrixmul_top/LENGTH_a -into $tb_portdepth_group -radix hex
## add_wave /apatb_matrixmul_top/LENGTH_b -into $tb_portdepth_group -radix hex
## add_wave /apatb_matrixmul_top/LENGTH_res -into $tb_portdepth_group -radix hex
## set tbcoutputgroup [add_wave_group "C Outputs" -into $testbenchgroup]
## set tb_return_group [add_wave_group return(fifo) -into $tbcoutputgroup]
## add_wave /apatb_matrixmul_top/res_write -into $tb_return_group -color #ffff00 -radix hex
## add_wave /apatb_matrixmul_top/res_full_n -into $tb_return_group -color #ffff00 -radix hex
## add_wave /apatb_matrixmul_top/res_din -into $tb_return_group -radix hex
## set tbcinputgroup [add_wave_group "C Inputs" -into $testbenchgroup]
## set tb_return_group [add_wave_group return(fifo) -into $tbcinputgroup]
## add_wave /apatb_matrixmul_top/b_read -into $tb_return_group -color #ffff00 -radix hex
## add_wave /apatb_matrixmul_top/b_empty_n -into $tb_return_group -color #ffff00 -radix hex
## add_wave /apatb_matrixmul_top/b_dout -into $tb_return_group -radix hex
## add_wave /apatb_matrixmul_top/a_read -into $tb_return_group -color #ffff00 -radix hex
## add_wave /apatb_matrixmul_top/a_empty_n -into $tb_return_group -color #ffff00 -radix hex
## add_wave /apatb_matrixmul_top/a_dout -into $tb_return_group -radix hex
## save_wave_config matrixmul.wcfg
## run all
////////////////////////////////////////////////////////////////////////////////////
// Inter-Transaction Progress: Completed Transaction / Total Transaction
// Intra-Transaction Progress: Measured Latency / Latency Estimation * 100%
//
// RTL Simulation : "Inter-Transaction Progress" ["Intra-Transaction Progress"] @ "Simulation Time"
////////////////////////////////////////////////////////////////////////////////////
// RTL Simulation : 0 / 1 [0.00%] @ "127000"
// RTL Simulation : 1 / 1 [100.00%] @ "354000"
////////////////////////////////////////////////////////////////////////////////////
$finish called at time : 433550 ps : File "/mnt/HLSNAS/02.CtINEm/m110061608/vitis_HLS/labA_lab2/lab02/solution1/sim/verilog/matrixmul.autotb.v" Line 324
## quit
INFO: [Common 17-206] Exiting xsim at Sun Mar 12 16:57:22 2023...
