

================================================================
== Vitis HLS Report for 'matrixmul'
================================================================
* Date:           Sun Mar 12 16:50:54 2023

* Version:        2022.1 (Build 3526262 on Mon Apr 18 15:47:01 MDT 2022)
* Project:        matrixmul
* Solution:       solution6 (Vivado IP Flow Target)
* Product family: virtexuplus
* Target device:  xcu50-fsvh2104-2-e


================================================================
== Performance Estimates
================================================================
+ Timing: 
    * Summary: 
    +--------+----------+----------+------------+
    |  Clock |  Target  | Estimated| Uncertainty|
    +--------+----------+----------+------------+
    |ap_clk  |  13.33 ns|  2.249 ns|     3.60 ns|
    +--------+----------+----------+------------+

+ Latency: 
    * Summary: 
    +---------+---------+----------+----------+-----+-----+---------+
    |  Latency (cycles) |  Latency (absolute) |  Interval | Pipeline|
    |   min   |   max   |    min   |    max   | min | max |   Type  |
    +---------+---------+----------+----------+-----+-----+---------+
    |       10|       10|  0.133 us|  0.133 us|    5|    5|      yes|
    +---------+---------+----------+----------+-----+-----+---------+

    + Detail: 
        * Instance: 
        N/A

        * Loop: 
        N/A



================================================================
== Utilization Estimates
================================================================
* Summary: 
+---------------------+---------+------+---------+--------+-----+
|         Name        | BRAM_18K|  DSP |    FF   |   LUT  | URAM|
+---------------------+---------+------+---------+--------+-----+
|DSP                  |        -|    18|        -|       -|    -|
|Expression           |        -|     -|        0|       2|    -|
|FIFO                 |        -|     -|        -|       -|    -|
|Instance             |        -|     0|        0|     360|    -|
|Memory               |        -|     -|        -|       -|    -|
|Multiplexer          |        -|     -|        -|     219|    -|
|Register             |        -|     -|      632|       -|    -|
+---------------------+---------+------+---------+--------+-----+
|Total                |        0|    18|      632|     581|    0|
+---------------------+---------+------+---------+--------+-----+
|Available SLR        |     1344|  2976|   871680|  435840|  320|
+---------------------+---------+------+---------+--------+-----+
|Utilization SLR (%)  |        0|    ~0|       ~0|      ~0|    0|
+---------------------+---------+------+---------+--------+-----+
|Available            |     2688|  5952|  1743360|  871680|  640|
+---------------------+---------+------+---------+--------+-----+
|Utilization (%)      |        0|    ~0|       ~0|      ~0|    0|
+---------------------+---------+------+---------+--------+-----+

+ Detail: 
    * Instance: 
    +---------------------+------------------+---------+----+---+----+-----+
    |       Instance      |      Module      | BRAM_18K| DSP| FF| LUT| URAM|
    +---------------------+------------------+---------+----+---+----+-----+
    |mul_8s_8s_16_1_1_U1  |mul_8s_8s_16_1_1  |        0|   0|  0|  40|    0|
    |mul_8s_8s_16_1_1_U2  |mul_8s_8s_16_1_1  |        0|   0|  0|  40|    0|
    |mul_8s_8s_16_1_1_U3  |mul_8s_8s_16_1_1  |        0|   0|  0|  40|    0|
    |mul_8s_8s_16_1_1_U4  |mul_8s_8s_16_1_1  |        0|   0|  0|  40|    0|
    |mul_8s_8s_16_1_1_U5  |mul_8s_8s_16_1_1  |        0|   0|  0|  40|    0|
    |mul_8s_8s_16_1_1_U6  |mul_8s_8s_16_1_1  |        0|   0|  0|  40|    0|
    |mul_8s_8s_16_1_1_U7  |mul_8s_8s_16_1_1  |        0|   0|  0|  40|    0|
    |mul_8s_8s_16_1_1_U8  |mul_8s_8s_16_1_1  |        0|   0|  0|  40|    0|
    |mul_8s_8s_16_1_1_U9  |mul_8s_8s_16_1_1  |        0|   0|  0|  40|    0|
    +---------------------+------------------+---------+----+---+----+-----+
    |Total                |                  |        0|   0|  0| 360|    0|
    +---------------------+------------------+---------+----+---+----+-----+

    * DSP: 
    +----------------------------------+------------------------------+--------------+
    |             Instance             |            Module            |  Expression  |
    +----------------------------------+------------------------------+--------------+
    |mac_muladd_8s_8s_16ns_16_4_1_U18  |mac_muladd_8s_8s_16ns_16_4_1  |  i0 + i1 * i2|
    |mac_muladd_8s_8s_16ns_16_4_1_U19  |mac_muladd_8s_8s_16ns_16_4_1  |  i0 + i1 * i2|
    |mac_muladd_8s_8s_16ns_16_4_1_U20  |mac_muladd_8s_8s_16ns_16_4_1  |  i0 + i1 * i2|
    |mac_muladd_8s_8s_16ns_16_4_1_U22  |mac_muladd_8s_8s_16ns_16_4_1  |  i0 + i1 * i2|
    |mac_muladd_8s_8s_16ns_16_4_1_U23  |mac_muladd_8s_8s_16ns_16_4_1  |  i0 + i1 * i2|
    |mac_muladd_8s_8s_16ns_16_4_1_U24  |mac_muladd_8s_8s_16ns_16_4_1  |  i0 + i1 * i2|
    |mac_muladd_8s_8s_16ns_16_4_1_U25  |mac_muladd_8s_8s_16ns_16_4_1  |  i0 + i1 * i2|
    |mac_muladd_8s_8s_16ns_16_4_1_U26  |mac_muladd_8s_8s_16ns_16_4_1  |  i0 + i1 * i2|
    |mac_muladd_8s_8s_16ns_16_4_1_U27  |mac_muladd_8s_8s_16ns_16_4_1  |  i0 + i1 * i2|
    |mac_muladd_8s_8s_16s_16_4_1_U10   |mac_muladd_8s_8s_16s_16_4_1   |  i0 + i1 * i2|
    |mac_muladd_8s_8s_16s_16_4_1_U11   |mac_muladd_8s_8s_16s_16_4_1   |  i0 + i1 * i2|
    |mac_muladd_8s_8s_16s_16_4_1_U12   |mac_muladd_8s_8s_16s_16_4_1   |  i0 + i1 * i2|
    |mac_muladd_8s_8s_16s_16_4_1_U13   |mac_muladd_8s_8s_16s_16_4_1   |  i0 + i1 * i2|
    |mac_muladd_8s_8s_16s_16_4_1_U14   |mac_muladd_8s_8s_16s_16_4_1   |  i0 + i1 * i2|
    |mac_muladd_8s_8s_16s_16_4_1_U15   |mac_muladd_8s_8s_16s_16_4_1   |  i0 + i1 * i2|
    |mac_muladd_8s_8s_16s_16_4_1_U16   |mac_muladd_8s_8s_16s_16_4_1   |  i0 + i1 * i2|
    |mac_muladd_8s_8s_16s_16_4_1_U17   |mac_muladd_8s_8s_16s_16_4_1   |  i0 + i1 * i2|
    |mac_muladd_8s_8s_16s_16_4_1_U21   |mac_muladd_8s_8s_16s_16_4_1   |  i0 + i1 * i2|
    +----------------------------------+------------------------------+--------------+

    * Memory: 
    N/A

    * FIFO: 
    N/A

    * Expression: 
    +---------------+----------+----+---+----+------------+------------+
    | Variable Name | Operation| DSP| FF| LUT| Bitwidth P0| Bitwidth P1|
    +---------------+----------+----+---+----+------------+------------+
    |ap_enable_pp0  |       xor|   0|  0|   2|           1|           2|
    +---------------+----------+----+---+----+------------+------------+
    |Total          |          |   0|  0|   2|           1|           2|
    +---------------+----------+----+---+----+------------+------------+

    * Multiplexer: 
    +-------------------------+----+-----------+-----+-----------+
    |           Name          | LUT| Input Size| Bits| Total Bits|
    +-------------------------+----+-----------+-----+-----------+
    |a_address0               |  14|          3|    2|          6|
    |ap_NS_fsm                |  31|          6|    1|          6|
    |ap_enable_reg_pp0_iter0  |   9|          2|    1|          2|
    |ap_enable_reg_pp0_iter2  |   9|          2|    1|          2|
    |b_0_address0             |  14|          3|    2|          6|
    |b_1_address0             |  14|          3|    2|          6|
    |b_2_address0             |  14|          3|    2|          6|
    |res_address0             |  31|          6|    4|         24|
    |res_address1             |  26|          5|    4|         20|
    |res_d0                   |  31|          6|   16|         96|
    |res_d1                   |  26|          5|   16|         80|
    +-------------------------+----+-----------+-----+-----------+
    |Total                    | 219|         44|   51|        254|
    +-------------------------+----+-----------+-----+-----------+

    * Register: 
    +-----------------------------+----+----+-----+-----------+
    |             Name            | FF | LUT| Bits| Const Bits|
    +-----------------------------+----+----+-----+-----------+
    |add_ln60_10_reg_853          |  16|   0|   16|          0|
    |add_ln60_11_reg_888          |  16|   0|   16|          0|
    |add_ln60_12_reg_858          |  16|   0|   16|          0|
    |add_ln60_13_reg_893          |  16|   0|   16|          0|
    |add_ln60_14_reg_863          |  16|   0|   16|          0|
    |add_ln60_15_reg_898          |  16|   0|   16|          0|
    |add_ln60_16_reg_878          |  16|   0|   16|          0|
    |add_ln60_17_reg_903          |  16|   0|   16|          0|
    |add_ln60_2_reg_804           |  16|   0|   16|          0|
    |add_ln60_5_reg_873           |  16|   0|   16|          0|
    |add_ln60_6_reg_816           |  16|   0|   16|          0|
    |add_ln60_8_reg_821           |  16|   0|   16|          0|
    |add_ln60_9_reg_883           |  16|   0|   16|          0|
    |add_ln60_reg_799             |  16|   0|   16|          0|
    |ap_CS_fsm                    |   5|   0|    5|          0|
    |ap_enable_reg_pp0_iter0_reg  |   1|   0|    1|          0|
    |ap_enable_reg_pp0_iter1      |   1|   0|    1|          0|
    |ap_enable_reg_pp0_iter2      |   1|   0|    1|          0|
    |b_1_load_1_reg_661           |   8|   0|    8|          0|
    |b_1_load_2_reg_721           |   8|   0|    8|          0|
    |b_1_load_reg_631             |   8|   0|    8|          0|
    |mul_ln60_15_reg_794          |  16|   0|   16|          0|
    |mul_ln60_3_reg_656           |  16|   0|   16|          0|
    |mul_ln60_6_reg_716           |  16|   0|   16|          0|
    |mul_ln60_9_reg_739           |  16|   0|   16|          0|
    |mul_ln60_reg_621             |  16|   0|   16|          0|
    |sext_ln60_10_reg_782         |  16|   0|   16|          0|
    |sext_ln60_11_reg_726         |  16|   0|   16|          0|
    |sext_ln60_12_reg_733         |  16|   0|   16|          0|
    |sext_ln60_14_reg_698         |  16|   0|   16|          0|
    |sext_ln60_15_reg_826         |  16|   0|   16|          0|
    |sext_ln60_16_reg_836         |  16|   0|   16|          0|
    |sext_ln60_17_reg_754         |  16|   0|   16|          0|
    |sext_ln60_1_reg_615          |  16|   0|   16|          0|
    |sext_ln60_3_reg_768          |  16|   0|   16|          0|
    |sext_ln60_4_reg_636          |  16|   0|   16|          0|
    |sext_ln60_5_reg_643          |  16|   0|   16|          0|
    |sext_ln60_6_reg_650          |  16|   0|   16|          0|
    |sext_ln60_7_reg_775          |  16|   0|   16|          0|
    |sext_ln60_8_reg_666          |  16|   0|   16|          0|
    |sext_ln60_9_reg_710          |  16|   0|   16|          0|
    |sext_ln60_reg_610            |  16|   0|   16|          0|
    |tmp1_reg_626                 |   8|   0|    8|          0|
    |tmp_1_reg_693                |   8|   0|    8|          0|
    |tmp_3_reg_749                |   8|   0|    8|          0|
    |trunc_ln60_1_reg_688         |   8|   0|    8|          0|
    |trunc_ln60_2_reg_744         |   8|   0|    8|          0|
    +-----------------------------+----+----+-----+-----------+
    |Total                        | 632|   0|  632|          0|
    +-----------------------------+----+----+-----+-----------+



================================================================
== Interface
================================================================
* Summary: 
+--------------+-----+-----+------------+--------------+--------------+
|   RTL Ports  | Dir | Bits|  Protocol  | Source Object|    C Type    |
+--------------+-----+-----+------------+--------------+--------------+
|ap_clk        |   in|    1|  ap_ctrl_hs|     matrixmul|  return value|
|ap_rst        |   in|    1|  ap_ctrl_hs|     matrixmul|  return value|
|ap_start      |   in|    1|  ap_ctrl_hs|     matrixmul|  return value|
|ap_done       |  out|    1|  ap_ctrl_hs|     matrixmul|  return value|
|ap_idle       |  out|    1|  ap_ctrl_hs|     matrixmul|  return value|
|ap_ready      |  out|    1|  ap_ctrl_hs|     matrixmul|  return value|
|a_address0    |  out|    2|   ap_memory|             a|         array|
|a_ce0         |  out|    1|   ap_memory|             a|         array|
|a_q0          |   in|   24|   ap_memory|             a|         array|
|a_address1    |  out|    2|   ap_memory|             a|         array|
|a_ce1         |  out|    1|   ap_memory|             a|         array|
|a_q1          |   in|   24|   ap_memory|             a|         array|
|b_0_address0  |  out|    2|   ap_memory|           b_0|         array|
|b_0_ce0       |  out|    1|   ap_memory|           b_0|         array|
|b_0_q0        |   in|    8|   ap_memory|           b_0|         array|
|b_0_address1  |  out|    2|   ap_memory|           b_0|         array|
|b_0_ce1       |  out|    1|   ap_memory|           b_0|         array|
|b_0_q1        |   in|    8|   ap_memory|           b_0|         array|
|b_1_address0  |  out|    2|   ap_memory|           b_1|         array|
|b_1_ce0       |  out|    1|   ap_memory|           b_1|         array|
|b_1_q0        |   in|    8|   ap_memory|           b_1|         array|
|b_1_address1  |  out|    2|   ap_memory|           b_1|         array|
|b_1_ce1       |  out|    1|   ap_memory|           b_1|         array|
|b_1_q1        |   in|    8|   ap_memory|           b_1|         array|
|b_2_address0  |  out|    2|   ap_memory|           b_2|         array|
|b_2_ce0       |  out|    1|   ap_memory|           b_2|         array|
|b_2_q0        |   in|    8|   ap_memory|           b_2|         array|
|b_2_address1  |  out|    2|   ap_memory|           b_2|         array|
|b_2_ce1       |  out|    1|   ap_memory|           b_2|         array|
|b_2_q1        |   in|    8|   ap_memory|           b_2|         array|
|res_address0  |  out|    4|   ap_memory|           res|         array|
|res_ce0       |  out|    1|   ap_memory|           res|         array|
|res_we0       |  out|    1|   ap_memory|           res|         array|
|res_d0        |  out|   16|   ap_memory|           res|         array|
|res_address1  |  out|    4|   ap_memory|           res|         array|
|res_ce1       |  out|    1|   ap_memory|           res|         array|
|res_we1       |  out|    1|   ap_memory|           res|         array|
|res_d1        |  out|   16|   ap_memory|           res|         array|
+--------------+-----+-----+------------+--------------+--------------+

