

================================================================
== Synthesis Summary Report of 'matrixmul'
================================================================
+ General Information: 
    * Date:           Sun Mar 12 16:25:13 2023
    * Version:        2022.1 (Build 3526262 on Mon Apr 18 15:47:01 MDT 2022)
    * Project:        matrixmul
    * Solution:       solution5 (Vivado IP Flow Target)
    * Product family: virtexuplus
    * Target device:  xcu50-fsvh2104-2-e
    

+ Performance & Resource Estimates: 
    
    PS: '+' for module; 'o' for loop; '*' for dataflow
    +-------------+------+------+---------+---------+----------+---------+------+----------+------+---------+-----------+-----------+-----+
    |   Modules   | Issue|      | Latency | Latency | Iteration|         | Trip |          |      |         |           |           |     |
    |   & Loops   | Type | Slack| (cycles)|   (ns)  |  Latency | Interval| Count| Pipelined| BRAM |   DSP   |     FF    |    LUT    | URAM|
    +-------------+------+------+---------+---------+----------+---------+------+----------+------+---------+-----------+-----------+-----+
    |+ matrixmul  |     -|  7.31|       16|  213.280|         -|       17|     -|        no|     -|  2 (~0%)|  157 (~0%)|  218 (~0%)|    -|
    | o Row_Col   |     -|  9.73|       14|  186.620|         7|        1|     9|       yes|     -|        -|          -|          -|    -|
    +-------------+------+------+---------+---------+----------+---------+------+----------+------+---------+-----------+-----------+-----+


================================================================
== HW Interfaces
================================================================
* AP_FIFO
+-----------+------------+
| Interface | Data Width |
+-----------+------------+
| a         | 24         |
| b         | 24         |
| res       | 16         |
+-----------+------------+

* TOP LEVEL CONTROL
+-----------+------------+-----------------------------------+
| Interface | Type       | Ports                             |
+-----------+------------+-----------------------------------+
| ap_clk    | clock      | ap_clk                            |
| ap_rst    | reset      | ap_rst                            |
| ap_ctrl   | ap_ctrl_hs | ap_done ap_idle ap_ready ap_start |
+-----------+------------+-----------------------------------+


================================================================
== SW I/O Information
================================================================
* Top Function Arguments
+----------+-----------+----------+
| Argument | Direction | Datatype |
+----------+-----------+----------+
| a        | in        | char*    |
| b        | in        | char*    |
| res      | out       | short*   |
+----------+-----------+----------+

* SW-to-HW Mapping
+----------+--------------+-----------+
| Argument | HW Interface | HW Type   |
+----------+--------------+-----------+
| a        | a            | interface |
| b        | b            | interface |
| res      | res          | interface |
+----------+--------------+-----------+


================================================================
== Bind Op Report
================================================================
+-----------------------------------+-----+--------+------------+-----+--------+---------+
| Name                              | DSP | Pragma | Variable   | Op  | Impl   | Latency |
+-----------------------------------+-----+--------+------------+-----+--------+---------+
| + matrixmul                       | 2   |        |            |     |        |         |
|   add_ln54_fu_127_p2              | -   |        | add_ln54   | add | fabric | 0       |
|   mac_muladd_8s_8s_16ns_16_4_1_U3 | 1   |        | mul_ln60   | mul | dsp48  | 3       |
|   mul_8s_8s_16_1_1_U1             | -   |        | mul_ln60_1 | mul | auto   | 0       |
|   mac_muladd_8s_8s_16s_16_4_1_U2  | 1   |        | mul_ln60_2 | mul | dsp48  | 3       |
|   mac_muladd_8s_8s_16s_16_4_1_U2  | 1   |        | add_ln60   | add | dsp48  | 3       |
|   mac_muladd_8s_8s_16ns_16_4_1_U3 | 1   |        | add_ln60_1 | add | dsp48  | 3       |
|   add_ln56_fu_151_p2              | -   |        | add_ln56   | add | fabric | 0       |
+-----------------------------------+-----+--------+------------+-----+--------+---------+


================================================================
== Bind Storage Report
================================================================
  No bind storage info in design

================================================================
== Pragma Report
================================================================
* Valid Pragma Syntax
+---------------+---------------------------+---------------------------------------------------------+
| Type          | Options                   | Location                                                |
+---------------+---------------------------+---------------------------------------------------------+
| array_reshape | variable=a complete dim=2 | matrixmul/solution5/directives.tcl:9 in matrixmul, a    |
| array_reshape | variable=b complete dim=1 | matrixmul/solution5/directives.tcl:10 in matrixmul, b   |
| interface     | ap_fifo port=a            | matrixmul/solution5/directives.tcl:11 in matrixmul, a   |
| interface     | ap_fifo port=b            | matrixmul/solution5/directives.tcl:12 in matrixmul, b   |
| interface     | ap_fifo port=res          | matrixmul/solution5/directives.tcl:13 in matrixmul, res |
| loop_flatten  |                           | matrixmul/solution5/directives.tcl:7 in matrixmul       |
| pipeline      |                           | matrixmul/solution5/directives.tcl:8 in matrixmul       |
+---------------+---------------------------+---------------------------------------------------------+


